{"clientVersion":"5.22.0","errorCode":"P1001","level":"error","message":"Database connection failed: Can't reach database server at `localhost:5432`\n\nPlease make sure your database server is running at `localhost:5432`.","name":"PrismaClientInitializationError","stack":"PrismaClientInitializationError: Can't reach database server at `localhost:5432`\n\nPlease make sure your database server is running at `localhost:5432`.\n    at t (C:\\Users\\malae\\OneDrive\\Desktop\\saas\\backend\\node_modules\\@prisma\\client\\runtime\\library.js:112:2488)\n    at connectDatabase (C:\\Users\\malae\\OneDrive\\Desktop\\saas\\backend\\src\\config\\database.ts:10:5)\n    at startServer (C:\\Users\\malae\\OneDrive\\Desktop\\saas\\backend\\src\\index.ts:58:5)","timestamp":"2026-05-22T05:40:38.357Z"}
{"clientVersion":"5.22.0","errorCode":"P1001","level":"error","message":"Database connection failed: Can't reach database server at `localhost:5432`\n\nPlease make sure your database server is running at `localhost:5432`.","name":"PrismaClientInitializationError","stack":"PrismaClientInitializationError: Can't reach database server at `localhost:5432`\n\nPlease make sure your database server is running at `localhost:5432`.\n    at t (C:\\Users\\malae\\OneDrive\\Desktop\\saas\\backend\\node_modules\\@prisma\\client\\runtime\\library.js:112:2488)\n    at connectDatabase (C:\\Users\\malae\\OneDrive\\Desktop\\saas\\backend\\src\\config\\database.ts:10:5)\n    at startServer (C:\\Users\\malae\\OneDrive\\Desktop\\saas\\backend\\src\\index.ts:58:5)","timestamp":"2026-05-22T05:46:31.189Z"}
{"level":"info","message":"Database connected successfully","timestamp":"2026-05-22T06:45:32.912Z"}
{"level":"info","message":"Server running on port 5000","timestamp":"2026-05-22T06:45:32.924Z"}
{"level":"info","message":"Environment: development","timestamp":"2026-05-22T06:45:32.925Z"}
{"level":"info","message":"Database connected successfully","timestamp":"2026-05-22T06:51:38.152Z"}
{"level":"info","message":"Server running on port 5000","timestamp":"2026-05-22T06:51:38.166Z"}
{"level":"info","message":"Environment: development","timestamp":"2026-05-22T06:51:38.166Z"}
{"level":"info","message":"Database connected successfully","timestamp":"2026-05-22T10:54:49.359Z"}
{"level":"info","message":"Server running on port 5000","timestamp":"2026-05-22T10:54:49.382Z"}
{"level":"info","message":"Environment: development","timestamp":"2026-05-22T10:54:49.382Z"}
{"level":"info","message":"Database connected successfully","timestamp":"2026-05-22T10:55:46.136Z"}
{"level":"info","message":"Server running on port 5000","timestamp":"2026-05-22T10:55:46.144Z"}
{"level":"info","message":"Environment: development","timestamp":"2026-05-22T10:55:46.145Z"}
{"level":"info","message":"Database connected successfully","timestamp":"2026-05-22T10:56:02.880Z"}
{"level":"info","message":"Server running on port 5000","timestamp":"2026-05-22T10:56:02.889Z"}
{"level":"info","message":"Environment: development","timestamp":"2026-05-22T10:56:02.890Z"}
{"level":"info","message":"Database connected successfully","timestamp":"2026-05-22T10:57:12.520Z"}
{"level":"info","message":"Server running on port 5000","timestamp":"2026-05-22T10:57:12.528Z"}
{"level":"info","message":"Environment: development","timestamp":"2026-05-22T10:57:12.529Z"}
{"level":"info","message":"Database connected successfully","timestamp":"2026-05-22T10:58:33.148Z"}
{"level":"info","message":"Server running on port 5000","timestamp":"2026-05-22T10:58:33.157Z"}
{"level":"info","message":"Environment: development","timestamp":"2026-05-22T10:58:33.157Z"}
{"level":"info","message":"Database connected successfully","timestamp":"2026-05-22T11:02:43.932Z"}
{"level":"info","message":"Server running on port 5000","timestamp":"2026-05-22T11:02:43.944Z"}
{"level":"info","message":"Environment: development","timestamp":"2026-05-22T11:02:43.950Z"}
{"level":"info","message":"Database connected successfully","timestamp":"2026-05-22T11:02:45.714Z"}
{"level":"info","message":"Server running on port 5000","timestamp":"2026-05-22T11:02:45.722Z"}
{"level":"info","message":"Environment: development","timestamp":"2026-05-22T11:02:45.723Z"}
{"level":"info","message":"Database connected successfully","timestamp":"2026-05-22T11:04:44.825Z"}
{"level":"info","message":"Server running on port 5000","timestamp":"2026-05-22T11:04:44.835Z"}
{"level":"info","message":"Environment: development","timestamp":"2026-05-22T11:04:44.836Z"}
{"level":"info","message":"Database connected successfully","timestamp":"2026-05-22T11:04:49.119Z"}
{"level":"info","message":"Server running on port 5000","timestamp":"2026-05-22T11:04:49.127Z"}
{"level":"info","message":"Environment: development","timestamp":"2026-05-22T11:04:49.128Z"}
{"level":"info","message":"Database connected successfully","timestamp":"2026-05-22T11:07:30.679Z"}
{"level":"info","message":"Server running on port 5000","timestamp":"2026-05-22T11:07:30.688Z"}
{"level":"info","message":"Environment: development","timestamp":"2026-05-22T11:07:30.689Z"}
{"level":"info","message":"Password reset email sent to: malaekakhalid85@gmail.com","timestamp":"2026-05-22T11:09:44.327Z"}
{"level":"info","message":"Database connected successfully","timestamp":"2026-05-22T11:30:55.059Z"}
{"level":"info","message":"Server running on port 5000","timestamp":"2026-05-22T11:30:55.090Z"}
{"level":"info","message":"Environment: development","timestamp":"2026-05-22T11:30:55.091Z"}
{"level":"info","message":"Database connected successfully","timestamp":"2026-05-22T11:38:19.316Z"}
{"level":"info","message":"Server running on port 5000","timestamp":"2026-05-22T11:38:19.325Z"}
{"level":"info","message":"Environment: development","timestamp":"2026-05-22T11:38:19.326Z"}
{"level":"info","message":"Database connected successfully","timestamp":"2026-05-22T11:40:21.733Z"}
{"level":"info","message":"Server running on port 5000","timestamp":"2026-05-22T11:40:21.743Z"}
{"level":"info","message":"Environment: development","timestamp":"2026-05-22T11:40:21.743Z"}
{"level":"info","message":"Database connected successfully","timestamp":"2026-05-22T11:51:30.217Z"}
{"level":"info","message":"Server running on port 5000","timestamp":"2026-05-22T11:51:30.229Z"}
{"level":"info","message":"Environment: development","timestamp":"2026-05-22T11:51:30.230Z"}
{"level":"info","message":"Database connected successfully","timestamp":"2026-05-22T11:56:02.208Z"}
{"level":"info","message":"Server running on port 5000","timestamp":"2026-05-22T11:56:02.221Z"}
{"level":"info","message":"Environment: development","timestamp":"2026-05-22T11:56:02.222Z"}
{"level":"info","message":"Database connected successfully","timestamp":"2026-05-22T11:58:45.083Z"}
{"level":"info","message":"Server running on port 5000","timestamp":"2026-05-22T11:58:45.095Z"}
{"level":"info","message":"Environment: development","timestamp":"2026-05-22T11:58:45.095Z"}
{"level":"info","message":"Database connected successfully","timestamp":"2026-05-22T13:00:35.463Z"}
{"level":"info","message":"Server running on port 5000","timestamp":"2026-05-22T13:00:35.510Z"}
{"level":"info","message":"Environment: development","timestamp":"2026-05-22T13:00:35.513Z"}
{"level":"info","message":"Database connected successfully","timestamp":"2026-05-22T13:00:47.763Z"}
{"level":"info","message":"Server running on port 5000","timestamp":"2026-05-22T13:00:47.866Z"}
{"level":"info","message":"Environment: development","timestamp":"2026-05-22T13:00:47.867Z"}
{"level":"info","message":"Database connected successfully","timestamp":"2026-05-22T13:35:19.539Z"}
{"level":"info","message":"Server running on port 5000","timestamp":"2026-05-22T13:35:19.547Z"}
{"level":"info","message":"Environment: development","timestamp":"2026-05-22T13:35:19.547Z"}
{"level":"info","message":"Database connected successfully","timestamp":"2026-05-23T06:00:05.512Z"}
{"level":"info","message":"Server running on port 5000","timestamp":"2026-05-23T06:00:05.539Z"}
{"level":"info","message":"Environment: development","timestamp":"2026-05-23T06:00:05.540Z"}
{"level":"info","message":"Database connected successfully","timestamp":"2026-05-23T06:00:23.575Z"}
{"level":"info","message":"Server running on port 5000","timestamp":"2026-05-23T06:00:23.581Z"}
{"level":"info","message":"Environment: development","timestamp":"2026-05-23T06:00:23.581Z"}
{"level":"info","message":"Database connected successfully","timestamp":"2026-05-23T06:11:21.701Z"}
{"level":"info","message":"Server running on port 5000","timestamp":"2026-05-23T06:11:21.715Z"}
{"level":"info","message":"Environment: development","timestamp":"2026-05-23T06:11:21.715Z"}
{"level":"info","message":"Database connected successfully","timestamp":"2026-05-23T06:11:42.897Z"}
{"level":"info","message":"Server running on port 5000","timestamp":"2026-05-23T06:11:42.903Z"}
{"level":"info","message":"Environment: development","timestamp":"2026-05-23T06:11:42.903Z"}
{"level":"info","message":"Database connected successfully","timestamp":"2026-05-23T06:23:17.184Z"}
{"level":"info","message":"Server running on port 5000","timestamp":"2026-05-23T06:23:17.215Z"}
{"level":"info","message":"Environment: development","timestamp":"2026-05-23T06:23:17.215Z"}
{"level":"error","message":"FBR API Error:","timestamp":"2026-05-23T06:24:33.858Z"}
{"level":"error","message":"FBR API Error:","timestamp":"2026-05-23T07:09:07.803Z"}
{"level":"error","message":"FBR API Error:","timestamp":"2026-05-23T07:09:08.870Z"}
{"level":"error","message":"FBR API Error:","timestamp":"2026-05-23T07:09:11.191Z"}
{"level":"error","message":"FBR API Error:","timestamp":"2026-05-23T07:12:28.238Z"}
{"level":"error","message":"FBR API Error:","timestamp":"2026-05-23T07:33:19.729Z"}
{"level":"info","message":"Database connected successfully","timestamp":"2026-05-23T07:52:30.567Z"}
{"level":"info","message":"Server running on port 5000","timestamp":"2026-05-23T07:52:30.622Z"}
{"level":"info","message":"Environment: development","timestamp":"2026-05-23T07:52:30.623Z"}
{"level":"info","message":"Database connected successfully","timestamp":"2026-05-23T08:36:00.174Z"}
{"level":"info","message":"Server running on port 5000","timestamp":"2026-05-23T08:36:00.190Z"}
{"level":"info","message":"Environment: development","timestamp":"2026-05-23T08:36:00.192Z"}
{"level":"error","message":"FBR API Error:","timestamp":"2026-05-23T08:37:59.543Z"}
{"level":"info","message":"Database connected successfully","timestamp":"2026-05-23T08:40:17.462Z"}
{"level":"info","message":"Server running on port 5000","timestamp":"2026-05-23T08:40:17.474Z"}
{"level":"info","message":"Environment: development","timestamp":"2026-05-23T08:40:17.475Z"}
{"level":"info","message":"Database connected successfully","timestamp":"2026-05-23T08:41:58.740Z"}
{"level":"info","message":"Server running on port 5000","timestamp":"2026-05-23T08:41:58.750Z"}
{"level":"info","message":"Environment: development","timestamp":"2026-05-23T08:41:58.751Z"}
{"level":"info","message":"MOCK FBR: Returning test response","timestamp":"2026-05-23T08:42:03.312Z"}
{"level":"info","message":"MOCK FBR: Returning test response","timestamp":"2026-05-23T09:23:09.313Z"}
{"level":"info","message":"Database connected successfully","timestamp":"2026-05-30T07:59:50.189Z"}
{"level":"info","message":"Server running on port 5000","timestamp":"2026-05-30T07:59:50.205Z"}
{"level":"info","message":"Environment: development","timestamp":"2026-05-30T07:59:50.206Z"}
{"level":"info","message":"Database connected successfully","timestamp":"2026-05-30T08:28:10.703Z"}
{"level":"info","message":"Server running on port 5000","timestamp":"2026-05-30T08:28:10.779Z"}
{"level":"info","message":"Environment: development","timestamp":"2026-05-30T08:28:10.781Z"}
{"level":"info","message":"Database connected successfully","timestamp":"2026-05-30T09:41:24.094Z"}
{"level":"info","message":"Server running on port 5000","timestamp":"2026-05-30T09:41:24.103Z"}
{"level":"info","message":"Environment: development","timestamp":"2026-05-30T09:41:24.104Z"}
{"address":"142.251.127.108","code":"ESOCKET","command":"CONN","errno":-4039,"level":"error","message":"Failed to send welcome email: connect ETIMEDOUT 142.251.127.108:587","port":587,"stack":"Error: connect ETIMEDOUT 142.251.127.108:587\n    at TCPConnectWrap.afterConnect [as oncomplete] (node:net:1637:16)","syscall":"connect","timestamp":"2026-05-30T13:25:43.133Z"}
{"level":"info","message":"Database connected successfully","timestamp":"2026-05-30T13:55:32.371Z"}
{"level":"info","message":"Server running on port 5000","timestamp":"2026-05-30T13:55:32.382Z"}
{"level":"info","message":"Environment: development","timestamp":"2026-05-30T13:55:32.382Z"}
{"level":"info","message":"Database connected successfully","timestamp":"2026-05-31T08:00:16.851Z"}
{"level":"info","message":"Server running on port 5000","timestamp":"2026-05-31T08:00:16.869Z"}
{"level":"info","message":"Environment: development","timestamp":"2026-05-31T08:00:16.870Z"}
{"level":"info","message":"Password reset email sent to: einvoicebridge@gmail.com","timestamp":"2026-05-31T08:15:03.809Z"}
{"level":"info","message":"Database connected successfully","timestamp":"2026-05-31T08:23:18.307Z"}
{"level":"info","message":"Server running on port 5000","timestamp":"2026-05-31T08:23:18.325Z"}
{"level":"info","message":"Environment: development","timestamp":"2026-05-31T08:23:18.326Z"}
{"level":"info","message":"Database connected successfully","timestamp":"2026-05-31T08:27:02.736Z"}
{"level":"info","message":"Server running on port 5000","timestamp":"2026-05-31T08:27:02.748Z"}
{"level":"info","message":"Environment: development","timestamp":"2026-05-31T08:27:02.749Z"}
{"level":"info","message":"Database connected successfully","timestamp":"2026-05-31T08:56:23.861Z"}
{"level":"info","message":"Server running on port 5000","timestamp":"2026-05-31T08:56:23.872Z"}
{"level":"info","message":"Environment: development","timestamp":"2026-05-31T08:56:23.872Z"}
{"level":"info","message":"Database connected successfully","timestamp":"2026-05-31T09:13:28.468Z"}
{"level":"info","message":"Server running on port 5000","timestamp":"2026-05-31T09:13:28.476Z"}
{"level":"info","message":"Environment: development","timestamp":"2026-05-31T09:13:28.476Z"}
{"level":"info","message":"MOCK FBR: Returning test response","timestamp":"2026-05-31T10:38:07.049Z"}
{"level":"info","message":"MOCK FBR: Returning test response","timestamp":"2026-05-31T10:51:03.383Z"}
{"level":"info","message":"MOCK FBR: Returning test response","timestamp":"2026-05-31T11:04:46.247Z"}
{"level":"info","message":"Database connected successfully","timestamp":"2026-05-31T11:14:01.329Z"}
{"level":"info","message":"Server running on port 5000","timestamp":"2026-05-31T11:14:01.364Z"}
{"level":"info","message":"Environment: development","timestamp":"2026-05-31T11:14:01.366Z"}
{"level":"info","message":"Database connected successfully","timestamp":"2026-05-31T11:14:15.801Z"}
{"level":"info","message":"Server running on port 5000","timestamp":"2026-05-31T11:14:15.810Z"}
{"level":"info","message":"Environment: development","timestamp":"2026-05-31T11:14:15.810Z"}
{"level":"info","message":"Database connected successfully","timestamp":"2026-05-31T11:14:44.791Z"}
{"level":"info","message":"Server running on port 5000","timestamp":"2026-05-31T11:14:44.799Z"}
{"level":"info","message":"Environment: development","timestamp":"2026-05-31T11:14:44.800Z"}
{"level":"info","message":"Database connected successfully","timestamp":"2026-05-31T11:14:51.789Z"}
{"level":"info","message":"Server running on port 5000","timestamp":"2026-05-31T11:14:51.798Z"}
{"level":"info","message":"Environment: development","timestamp":"2026-05-31T11:14:51.798Z"}
{"level":"info","message":"Database connected successfully","timestamp":"2026-05-31T11:14:56.427Z"}
{"level":"info","message":"Server running on port 5000","timestamp":"2026-05-31T11:14:56.437Z"}
{"level":"info","message":"Environment: development","timestamp":"2026-05-31T11:14:56.438Z"}
{"level":"info","message":"Database connected successfully","timestamp":"2026-05-31T11:15:49.187Z"}
{"level":"info","message":"Server running on port 5000","timestamp":"2026-05-31T11:15:49.195Z"}
{"level":"info","message":"Environment: development","timestamp":"2026-05-31T11:15:49.196Z"}
{"level":"info","message":"Database connected successfully","timestamp":"2026-05-31T11:15:52.802Z"}
{"level":"info","message":"Server running on port 5000","timestamp":"2026-05-31T11:15:52.811Z"}
{"level":"info","message":"Environment: development","timestamp":"2026-05-31T11:15:52.811Z"}
{"level":"info","message":"Database connected successfully","timestamp":"2026-05-31T11:15:54.463Z"}
{"level":"info","message":"Server running on port 5000","timestamp":"2026-05-31T11:15:54.495Z"}
{"level":"info","message":"Environment: development","timestamp":"2026-05-31T11:15:54.496Z"}
{"level":"info","message":"Database connected successfully","timestamp":"2026-05-31T11:15:56.004Z"}
{"level":"info","message":"Server running on port 5000","timestamp":"2026-05-31T11:15:56.014Z"}
{"level":"info","message":"Environment: development","timestamp":"2026-05-31T11:15:56.015Z"}
{"level":"info","message":"Database connected successfully","timestamp":"2026-05-31T11:16:03.670Z"}
{"level":"info","message":"Server running on port 5000","timestamp":"2026-05-31T11:16:03.677Z"}
{"level":"info","message":"Environment: development","timestamp":"2026-05-31T11:16:03.677Z"}
{"level":"info","message":"Database connected successfully","timestamp":"2026-05-31T11:16:11.183Z"}
{"level":"info","message":"Server running on port 5000","timestamp":"2026-05-31T11:16:11.192Z"}
{"level":"info","message":"Environment: development","timestamp":"2026-05-31T11:16:11.192Z"}
{"level":"info","message":"Database connected successfully","timestamp":"2026-05-31T11:31:04.792Z"}
{"level":"info","message":"Server running on port 5000","timestamp":"2026-05-31T11:31:04.812Z"}
{"level":"info","message":"Environment: development","timestamp":"2026-05-31T11:31:04.813Z"}
{"level":"info","message":"Database connected successfully","timestamp":"2026-05-31T11:35:10.760Z"}
{"level":"info","message":"Server running on port 5000","timestamp":"2026-05-31T11:35:10.769Z"}
{"level":"info","message":"Environment: development","timestamp":"2026-05-31T11:35:10.769Z"}
{"level":"info","message":"Database connected successfully","timestamp":"2026-05-31T11:37:42.072Z"}
{"level":"info","message":"Server running on port 5000","timestamp":"2026-05-31T11:37:42.080Z"}
{"level":"info","message":"Environment: development","timestamp":"2026-05-31T11:37:42.081Z"}
{"level":"info","message":"MOCK FBR: Returning test response","timestamp":"2026-05-31T11:38:03.557Z"}
{"level":"info","message":"Database connected successfully","timestamp":"2026-05-31T11:44:37.921Z"}
{"level":"info","message":"Server running on port 5000","timestamp":"2026-05-31T11:44:37.930Z"}
{"level":"info","message":"Environment: development","timestamp":"2026-05-31T11:44:37.930Z"}
{"level":"info","message":"Database connected successfully","timestamp":"2026-05-31T11:48:00.327Z"}
{"level":"info","message":"Server running on port 5000","timestamp":"2026-05-31T11:48:00.336Z"}
{"level":"info","message":"Environment: development","timestamp":"2026-05-31T11:48:00.337Z"}
{"level":"info","message":"Database connected successfully","timestamp":"2026-05-31T11:50:07.221Z"}
{"level":"info","message":"Server running on port 5000","timestamp":"2026-05-31T11:50:07.229Z"}
{"level":"info","message":"Environment: development","timestamp":"2026-05-31T11:50:07.230Z"}
{"level":"info","message":"MOCK FBR: Returning test response","timestamp":"2026-05-31T11:57:02.924Z"}
{"level":"info","message":"Database connected successfully","timestamp":"2026-05-31T12:23:38.036Z"}
{"level":"info","message":"Server running on port 5000","timestamp":"2026-05-31T12:23:38.049Z"}
{"level":"info","message":"Environment: development","timestamp":"2026-05-31T12:23:38.049Z"}
{"level":"info","message":"Invoice email sent to malaekakhalid85@gmail.com for FBR No: PKR-1780227483557","timestamp":"2026-05-31T12:25:11.113Z"}
{"level":"info","message":"Password reset email sent to: einvoicebridge@gmail.com","timestamp":"2026-05-31T13:49:28.836Z"}
{"level":"info","message":"Database connected successfully","timestamp":"2026-05-31T13:51:08.115Z"}
{"level":"info","message":"Server running on port 5000","timestamp":"2026-05-31T13:51:08.124Z"}
{"level":"info","message":"Environment: development","timestamp":"2026-05-31T13:51:08.124Z"}
{"level":"info","message":"Password reset email sent to: einvoicebridge@gmail.com","timestamp":"2026-05-31T14:25:49.663Z"}
{"level":"info","message":"Database connected successfully","timestamp":"2026-06-01T06:47:38.724Z"}
{"level":"info","message":"Server running on port 5000","timestamp":"2026-06-01T06:47:38.734Z"}
{"level":"info","message":"Environment: development","timestamp":"2026-06-01T06:47:38.735Z"}
{"level":"info","message":"Database connected successfully","timestamp":"2026-06-01T07:18:26.585Z"}
{"level":"info","message":"Server running on port 5000","timestamp":"2026-06-01T07:18:26.630Z"}
{"level":"info","message":"Environment: development","timestamp":"2026-06-01T07:18:26.631Z"}
{"level":"info","message":"Database connected successfully","timestamp":"2026-06-01T07:20:00.242Z"}
{"level":"info","message":"Server running on port 5000","timestamp":"2026-06-01T07:20:00.252Z"}
{"level":"info","message":"Environment: development","timestamp":"2026-06-01T07:20:00.252Z"}
{"level":"info","message":"Database connected successfully","timestamp":"2026-06-01T07:21:54.856Z"}
{"level":"info","message":"Server running on port 5000","timestamp":"2026-06-01T07:21:54.867Z"}
{"level":"info","message":"Environment: development","timestamp":"2026-06-01T07:21:54.868Z"}
{"level":"info","message":"Database connected successfully","timestamp":"2026-06-01T07:23:27.366Z"}
{"level":"info","message":"Server running on port 5000","timestamp":"2026-06-01T07:23:27.389Z"}
{"level":"info","message":"Environment: development","timestamp":"2026-06-01T07:23:27.390Z"}
{"level":"info","message":"Database connected successfully","timestamp":"2026-06-01T07:27:51.568Z"}
{"level":"info","message":"Server running on port 5000","timestamp":"2026-06-01T07:27:51.584Z"}
{"level":"info","message":"Environment: development","timestamp":"2026-06-01T07:27:51.584Z"}
{"level":"info","message":"Database connected successfully","timestamp":"2026-06-01T07:31:43.755Z"}
{"level":"info","message":"Server running on port 5000","timestamp":"2026-06-01T07:31:43.765Z"}
{"level":"info","message":"Environment: development","timestamp":"2026-06-01T07:31:43.766Z"}
{"level":"info","message":"Database connected successfully","timestamp":"2026-06-01T07:33:55.619Z"}
{"level":"info","message":"Server running on port 5000","timestamp":"2026-06-01T07:33:55.635Z"}
{"level":"info","message":"Environment: development","timestamp":"2026-06-01T07:33:55.636Z"}
{"level":"info","message":"Database connected successfully","timestamp":"2026-06-01T07:36:28.511Z"}
{"level":"info","message":"Server running on port 5000","timestamp":"2026-06-01T07:36:28.522Z"}
{"level":"info","message":"Environment: development","timestamp":"2026-06-01T07:36:28.523Z"}
{"level":"info","message":"Database connected successfully","timestamp":"2026-06-01T07:39:59.542Z"}
{"level":"info","message":"Server running on port 5000","timestamp":"2026-06-01T07:39:59.573Z"}
{"level":"info","message":"Environment: development","timestamp":"2026-06-01T07:39:59.573Z"}
{"level":"info","message":"Database connected successfully","timestamp":"2026-06-01T07:40:29.952Z"}
{"level":"info","message":"Server running on port 5000","timestamp":"2026-06-01T07:40:29.960Z"}
{"level":"info","message":"Environment: development","timestamp":"2026-06-01T07:40:29.961Z"}
{"level":"info","message":"Database connected successfully","timestamp":"2026-06-01T07:43:12.393Z"}
{"level":"info","message":"Server running on port 5000","timestamp":"2026-06-01T07:43:12.403Z"}
{"level":"info","message":"Environment: development","timestamp":"2026-06-01T07:43:12.404Z"}
{"level":"info","message":"Database connected successfully","timestamp":"2026-06-01T07:44:03.376Z"}
{"level":"info","message":"Server running on port 5000","timestamp":"2026-06-01T07:44:03.385Z"}
{"level":"info","message":"Environment: development","timestamp":"2026-06-01T07:44:03.386Z"}
{"level":"info","message":"Database connected successfully","timestamp":"2026-06-01T07:50:16.818Z"}
{"level":"info","message":"Server running on port 5000","timestamp":"2026-06-01T07:50:16.831Z"}
{"level":"info","message":"Environment: development","timestamp":"2026-06-01T07:50:16.832Z"}
{"level":"info","message":"Database connected successfully","timestamp":"2026-06-01T15:30:06.844Z"}
{"level":"info","message":"Server running on port 5000","timestamp":"2026-06-01T15:30:07.007Z"}
{"level":"info","message":"Environment: development","timestamp":"2026-06-01T15:30:07.008Z"}
{"level":"info","message":"Database connected successfully","timestamp":"2026-06-01T15:33:34.282Z"}
{"level":"info","message":"Server running on port 5000","timestamp":"2026-06-01T15:33:34.293Z"}
{"level":"info","message":"Environment: development","timestamp":"2026-06-01T15:33:34.294Z"}
{"level":"info","message":"Database connected successfully","timestamp":"2026-06-01T15:35:39.958Z"}
{"level":"info","message":"Server running on port 5000","timestamp":"2026-06-01T15:35:39.968Z"}
{"level":"info","message":"Environment: development","timestamp":"2026-06-01T15:35:39.968Z"}
{"level":"info","message":"Database connected successfully","timestamp":"2026-06-01T15:52:56.087Z"}
{"level":"info","message":"Server running on port 5000","timestamp":"2026-06-01T15:52:56.104Z"}
{"level":"info","message":"Environment: development","timestamp":"2026-06-01T15:52:56.105Z"}
{"level":"info","message":"Database connected successfully","timestamp":"2026-06-01T16:03:05.561Z"}
{"level":"info","message":"Server running on port 5000","timestamp":"2026-06-01T16:03:05.576Z"}
{"level":"info","message":"Environment: development","timestamp":"2026-06-01T16:03:05.577Z"}
{"level":"info","message":"Database connected successfully","timestamp":"2026-06-01T16:04:52.727Z"}
{"level":"info","message":"Server running on port 5000","timestamp":"2026-06-01T16:04:52.739Z"}
{"level":"info","message":"Environment: development","timestamp":"2026-06-01T16:04:52.740Z"}
{"level":"info","message":"Database connected successfully","timestamp":"2026-06-01T16:11:26.859Z"}
{"level":"info","message":"Server running on port 5000","timestamp":"2026-06-01T16:11:26.870Z"}
{"level":"info","message":"Environment: development","timestamp":"2026-06-01T16:11:26.871Z"}
{"level":"info","message":"Database connected successfully","timestamp":"2026-06-01T16:19:40.739Z"}
{"level":"info","message":"Server running on port 5000","timestamp":"2026-06-01T16:19:40.750Z"}
{"level":"info","message":"Environment: development","timestamp":"2026-06-01T16:19:40.751Z"}
{"level":"info","message":"Database connected successfully","timestamp":"2026-06-01T16:22:46.139Z"}
{"level":"info","message":"Server running on port 5000","timestamp":"2026-06-01T16:22:46.151Z"}
{"level":"info","message":"Environment: development","timestamp":"2026-06-01T16:22:46.152Z"}
{"level":"info","message":"MOCK FBR: Returning test response","timestamp":"2026-06-01T16:27:37.711Z"}
{"level":"info","message":"Database connected successfully","timestamp":"2026-06-01T17:17:54.273Z"}
{"level":"info","message":"Server running on port 5000","timestamp":"2026-06-01T17:17:54.284Z"}
{"level":"info","message":"Environment: development","timestamp":"2026-06-01T17:17:54.284Z"}
{"level":"info","message":"Database connected successfully","timestamp":"2026-06-01T17:20:36.957Z"}
{"level":"info","message":"Server running on port 5000","timestamp":"2026-06-01T17:20:36.968Z"}
{"level":"info","message":"Environment: development","timestamp":"2026-06-01T17:20:36.969Z"}
{"level":"info","message":"Database connected successfully","timestamp":"2026-06-01T17:26:54.068Z"}
{"level":"info","message":"Server running on port 5000","timestamp":"2026-06-01T17:26:54.084Z"}
{"level":"info","message":"Environment: development","timestamp":"2026-06-01T17:26:54.085Z"}
{"level":"info","message":"Password reset email sent to: einvoicebridge@gmail.com","timestamp":"2026-06-01T17:27:25.134Z"}
{"level":"info","message":"MOCK FBR: Returning test response","timestamp":"2026-06-01T17:33:05.827Z"}
{"level":"info","message":"MOCK FBR: Returning test response","timestamp":"2026-06-01T17:34:37.688Z"}
{"level":"info","message":"Invoice email sent to nothuman135@gmail.com for FBR No: PKR-1780335277689","timestamp":"2026-06-01T17:37:23.179Z"}
{"level":"info","message":"MOCK FBR: Returning test response","timestamp":"2026-06-01T17:44:13.848Z"}
{"level":"info","message":"Database connected successfully","timestamp":"2026-06-01T17:52:44.388Z"}
{"level":"info","message":"Server running on port 5000","timestamp":"2026-06-01T17:52:44.404Z"}
{"level":"info","message":"Environment: development","timestamp":"2026-06-01T17:52:44.405Z"}
{"level":"info","message":"Database connected successfully","timestamp":"2026-06-01T18:23:51.442Z"}
{"level":"info","message":"Server running on port 5000","timestamp":"2026-06-01T18:23:51.570Z"}
{"level":"info","message":"Environment: development","timestamp":"2026-06-01T18:23:51.584Z"}
{"level":"info","message":"Database connected successfully","timestamp":"2026-06-01T18:27:31.782Z"}
{"level":"info","message":"Server running on port 5000","timestamp":"2026-06-01T18:27:31.804Z"}
{"level":"info","message":"Environment: development","timestamp":"2026-06-01T18:27:31.805Z"}
{"level":"info","message":"Database connected successfully","timestamp":"2026-06-01T18:27:45.010Z"}
{"level":"info","message":"Server running on port 5000","timestamp":"2026-06-01T18:27:45.058Z"}
{"level":"info","message":"Environment: development","timestamp":"2026-06-01T18:27:45.061Z"}
{"level":"info","message":"Database connected successfully","timestamp":"2026-06-01T18:32:02.894Z"}
{"level":"info","message":"Server running on port 5000","timestamp":"2026-06-01T18:32:02.922Z"}
{"level":"info","message":"Environment: development","timestamp":"2026-06-01T18:32:02.923Z"}
{"level":"info","message":"MOCK FBR: Returning test response","timestamp":"2026-06-01T18:39:55.161Z"}
{"level":"info","message":"Database connected successfully","timestamp":"2026-06-02T03:26:08.062Z"}
{"level":"info","message":"Server running on port 5000","timestamp":"2026-06-02T03:26:08.070Z"}
{"level":"info","message":"Environment: development","timestamp":"2026-06-02T03:26:08.071Z"}
{"level":"info","message":"MOCK FBR: Returning test response","timestamp":"2026-06-02T03:34:10.453Z"}
{"level":"info","message":"Database connected successfully","timestamp":"2026-06-02T03:40:57.732Z"}
{"level":"info","message":"Server running on port 5000","timestamp":"2026-06-02T03:40:57.744Z"}
{"level":"info","message":"Environment: development","timestamp":"2026-06-02T03:40:57.745Z"}
{"level":"info","message":"MOCK FBR: Returning test response","timestamp":"2026-06-02T03:43:33.169Z"}
{"level":"info","message":"Database connected successfully","timestamp":"2026-06-02T05:56:59.575Z"}
{"level":"info","message":"Server running on port 5000","timestamp":"2026-06-02T05:56:59.594Z"}
{"level":"info","message":"Environment: development","timestamp":"2026-06-02T05:56:59.594Z"}
{"level":"info","message":"MOCK FBR: Returning test response","timestamp":"2026-06-02T06:08:17.943Z"}
{"level":"info","message":"Database connected successfully","timestamp":"2026-06-05T06:04:47.382Z"}
{"level":"info","message":"Server running on port 5000","timestamp":"2026-06-05T06:04:47.397Z"}
{"level":"info","message":"Environment: development","timestamp":"2026-06-05T06:04:47.399Z"}
{"level":"info","message":"Database connected successfully","timestamp":"2026-06-05T06:24:19.067Z"}
{"level":"info","message":"Server running on port 5000","timestamp":"2026-06-05T06:24:19.086Z"}
{"level":"info","message":"Environment: development","timestamp":"2026-06-05T06:24:19.087Z"}
{"level":"info","message":"Database connected successfully","timestamp":"2026-06-05T06:39:24.365Z"}
{"level":"info","message":"Server running on port 5000","timestamp":"2026-06-05T06:39:24.378Z"}
{"level":"info","message":"Environment: development","timestamp":"2026-06-05T06:39:24.378Z"}
{"level":"info","message":"Database connected successfully","timestamp":"2026-06-05T06:51:04.955Z"}
{"level":"info","message":"Server running on port 5000","timestamp":"2026-06-05T06:51:04.968Z"}
{"level":"info","message":"Environment: development","timestamp":"2026-06-05T06:51:04.969Z"}
{"level":"info","message":"Database connected successfully","timestamp":"2026-06-18T10:35:55.453Z"}
{"level":"info","message":"Server running on port 5000","timestamp":"2026-06-18T10:35:55.469Z"}
{"level":"info","message":"Environment: development","timestamp":"2026-06-18T10:35:55.470Z"}
{"level":"info","message":"Database connected successfully","timestamp":"2026-06-18T11:38:00.593Z"}
{"level":"info","message":"Server running on port 5000","timestamp":"2026-06-18T11:38:00.609Z"}
{"level":"info","message":"Environment: development","timestamp":"2026-06-18T11:38:00.610Z"}
{"level":"info","message":"Database connected successfully","timestamp":"2026-06-18T11:42:21.977Z"}
{"level":"info","message":"Server running on port 5000","timestamp":"2026-06-18T11:42:21.997Z"}
{"level":"info","message":"Environment: development","timestamp":"2026-06-18T11:42:21.997Z"}
{"level":"info","message":"Database connected successfully","timestamp":"2026-06-18T11:44:39.259Z"}
{"level":"info","message":"Server running on port 5000","timestamp":"2026-06-18T11:44:39.271Z"}
{"level":"info","message":"Environment: development","timestamp":"2026-06-18T11:44:39.272Z"}
{"level":"info","message":"Database connected successfully","timestamp":"2026-06-19T05:55:03.172Z"}
{"level":"info","message":"Server running on port 5000","timestamp":"2026-06-19T05:55:03.186Z"}
{"level":"info","message":"Environment: development","timestamp":"2026-06-19T05:55:03.188Z"}
{"level":"info","message":"Database connected successfully","timestamp":"2026-06-20T05:54:42.993Z"}
{"level":"info","message":"Server running on port 5000","timestamp":"2026-06-20T05:54:43.007Z"}
{"level":"info","message":"Environment: development","timestamp":"2026-06-20T05:54:43.008Z"}
{"clientVersion":"5.22.0","errorCode":"P1001","level":"error","message":"Database connection failed: Can't reach database server at `ep-royal-thunder-atw7dzm7-pooler.c-9.us-east-1.aws.neon.tech:5432`\n\nPlease make sure your database server is running at `ep-royal-thunder-atw7dzm7-pooler.c-9.us-east-1.aws.neon.tech:5432`.","name":"PrismaClientInitializationError","stack":"PrismaClientInitializationError: Can't reach database server at `ep-royal-thunder-atw7dzm7-pooler.c-9.us-east-1.aws.neon.tech:5432`\n\nPlease make sure your database server is running at `ep-royal-thunder-atw7dzm7-pooler.c-9.us-east-1.aws.neon.tech:5432`.\n    at t (C:\\Users\\malae\\OneDrive\\Desktop\\New folder\\saas\\backend\\node_modules\\@prisma\\client\\runtime\\library.js:112:2488)\n    at connectDatabase (C:\\Users\\malae\\OneDrive\\Desktop\\New folder\\saas\\backend\\src\\config\\database.ts:10:5)\n    at startServer (C:\\Users\\malae\\OneDrive\\Desktop\\New folder\\saas\\backend\\src\\index.ts:60:5)","timestamp":"2026-07-02T13:32:03.140Z"}
{"clientVersion":"5.22.0","errorCode":"P1001","level":"error","message":"Database connection failed: Can't reach database server at `ep-royal-thunder-atw7dzm7-pooler.c-9.us-east-1.aws.neon.tech:5432`\n\nPlease make sure your database server is running at `ep-royal-thunder-atw7dzm7-pooler.c-9.us-east-1.aws.neon.tech:5432`.","name":"PrismaClientInitializationError","stack":"PrismaClientInitializationError: Can't reach database server at `ep-royal-thunder-atw7dzm7-pooler.c-9.us-east-1.aws.neon.tech:5432`\n\nPlease make sure your database server is running at `ep-royal-thunder-atw7dzm7-pooler.c-9.us-east-1.aws.neon.tech:5432`.\n    at t (C:\\Users\\malae\\OneDrive\\Desktop\\New folder\\saas\\backend\\node_modules\\@prisma\\client\\runtime\\library.js:112:2488)\n    at connectDatabase (C:\\Users\\malae\\OneDrive\\Desktop\\New folder\\saas\\backend\\src\\config\\database.ts:10:5)\n    at startServer (C:\\Users\\malae\\OneDrive\\Desktop\\New folder\\saas\\backend\\src\\index.ts:60:5)","timestamp":"2026-07-02T13:36:08.154Z"}
{"clientVersion":"5.22.0","errorCode":"P1001","level":"error","message":"Database connection failed: Can't reach database server at `ep-royal-thunder-atw7dzm7-pooler.c-9.us-east-1.aws.neon.tech:5432`\n\nPlease make sure your database server is running at `ep-royal-thunder-atw7dzm7-pooler.c-9.us-east-1.aws.neon.tech:5432`.","name":"PrismaClientInitializationError","stack":"PrismaClientInitializationError: Can't reach database server at `ep-royal-thunder-atw7dzm7-pooler.c-9.us-east-1.aws.neon.tech:5432`\n\nPlease make sure your database server is running at `ep-royal-thunder-atw7dzm7-pooler.c-9.us-east-1.aws.neon.tech:5432`.\n    at t (C:\\Users\\malae\\OneDrive\\Desktop\\New folder\\saas\\backend\\node_modules\\@prisma\\client\\runtime\\library.js:112:2488)\n    at connectDatabase (C:\\Users\\malae\\OneDrive\\Desktop\\New folder\\saas\\backend\\src\\config\\database.ts:10:5)\n    at startServer (C:\\Users\\malae\\OneDrive\\Desktop\\New folder\\saas\\backend\\src\\index.ts:60:5)","timestamp":"2026-07-04T11:19:08.413Z"}
{"level":"info","message":"Database connected successfully","timestamp":"2026-07-04T11:33:15.999Z"}
{"level":"info","message":"Server running on port 5000","timestamp":"2026-07-04T11:33:16.019Z"}
{"level":"info","message":"Environment: development","timestamp":"2026-07-04T11:33:16.020Z"}
{"level":"info","message":"Database connected successfully","timestamp":"2026-07-04T12:04:34.523Z"}
{"level":"info","message":"Server running on port 5000","timestamp":"2026-07-04T12:04:34.564Z"}
{"level":"info","message":"Environment: development","timestamp":"2026-07-04T12:04:34.566Z"}
{"level":"info","message":"Database connected successfully","timestamp":"2026-07-13T07:24:12.105Z"}
{"level":"info","message":"Server running on port 5000","timestamp":"2026-07-13T07:24:12.123Z"}
{"level":"info","message":"Environment: development","timestamp":"2026-07-13T07:24:12.124Z"}
{"level":"info","message":"Database connected successfully","timestamp":"2026-07-13T07:31:40.177Z"}
{"level":"info","message":"Server running on port 5000","timestamp":"2026-07-13T07:31:40.193Z"}
{"level":"info","message":"Environment: development","timestamp":"2026-07-13T07:31:40.193Z"}
{"clientVersion":"5.22.0","errorCode":"P1001","level":"error","message":"Database connection failed: Can't reach database server at `ep-royal-thunder-atw7dzm7-pooler.c-9.us-east-1.aws.neon.tech:5432`\n\nPlease make sure your database server is running at `ep-royal-thunder-atw7dzm7-pooler.c-9.us-east-1.aws.neon.tech:5432`.","name":"PrismaClientInitializationError","stack":"PrismaClientInitializationError: Can't reach database server at `ep-royal-thunder-atw7dzm7-pooler.c-9.us-east-1.aws.neon.tech:5432`\n\nPlease make sure your database server is running at `ep-royal-thunder-atw7dzm7-pooler.c-9.us-east-1.aws.neon.tech:5432`.\n    at t (C:\\Users\\malae\\OneDrive\\Desktop\\New folder\\saas\\backend\\node_modules\\@prisma\\client\\runtime\\library.js:112:2488)\n    at connectDatabase (C:\\Users\\malae\\OneDrive\\Desktop\\New folder\\saas\\backend\\src\\config\\database.ts:10:5)\n    at startServer (C:\\Users\\malae\\OneDrive\\Desktop\\New folder\\saas\\backend\\src\\index.ts:62:5)","timestamp":"2026-07-13T07:31:56.631Z"}
